<?xml version="1.0" encoding="UTF-8"?>
<!-- Generated by org.testng.reporters.JUnitReportReporter -->
<testsuite name="testcases.TC001_CreateLead" tests="1" time="30.422" ignored="0" failures="0" timestamp="21 Apr 2018 04:56:35 GMT" skipped="0" hostname="kevin7" errors="0">
  <testcase name="login" time="30.422" classname="testcases.TC001_CreateLead"/>
</testsuite> <!-- testcases.TC001_CreateLead -->
